src/fr/mangariss/build/intermediates/manifest_merge_blame_file/release/processReleaseMainManifest/manifest-merger-blame-release-report.txt
1<?xml version="1.0" encoding="utf-8"?>
2<manifest xmlns:android="http://schemas.android.com/apk/res/android"
3    package="eu.kanade.tachiyomi.extension.fr.mangariss"
4    android:versionCode="1"
5    android:versionName="1.4.1" >
6
7    <uses-sdk
8        android:minSdkVersion="21"
9        android:targetSdkVersion="34" />
10
11    <uses-feature android:name="tachiyomi.extension" />
11-->[:core] AndroidManifest.xml:7:5-56
11-->[:core] AndroidManifest.xml:7:19-53
12
13    <application
13-->mangariss\build\tempAndroidManifest.xml:5:5-20:19
14        android:allowBackup="false"
14-->[:core] AndroidManifest.xml:10:9-36
15        android:extractNativeLibs="true"
16        android:icon="@mipmap/ic_launcher"
16-->mangariss\build\tempAndroidManifest.xml:7:9-43
17        android:label="Mangariss" >
17-->mangariss\build\tempAndroidManifest.xml:6:9-34
18        <provider
19            android:name="eu.kanade.tachiyomi.extension.ExtensionProvider"
19-->mangariss\build\tempAndroidManifest.xml:11:13-75
20            android:authorities="eu.kanade.tachiyomi.extension.fr.mangariss.provider"
20-->mangariss\build\tempAndroidManifest.xml:12:13-60
21            android:exported="false" />
21-->mangariss\build\tempAndroidManifest.xml:13:13-37
22
23        <meta-data
23-->mangariss\build\tempAndroidManifest.xml:15:9-18:45
24            android:name="tachiyomi.extension.class"
24-->mangariss\build\tempAndroidManifest.xml:16:13-53
25            android:value="eu.kanade.tachiyomi.extension.fr.mangariss.Mangariss" />
25-->mangariss\build\tempAndroidManifest.xml:17:13-81
26        <meta-data
26-->[:core] AndroidManifest.xml:16:9-18:39
27            android:name="tachiyomi.extension.nsfw"
27-->[:core] AndroidManifest.xml:17:13-52
28            android:value="0" />
28-->[:core] AndroidManifest.xml:18:13-36
29    </application>
30
31</manifest>